# JRE version: Java(TM) SE Runtime Environment (8.0_191-b12) (build 1.8.0_191-b12)
# Java VM: Java HotSpot(TM) Client VM (25.191-b12 mixed mode windows-x86 )
Heap:
 def new generation   total 157248K, used 76741K [0x05c00000, 0x106a0000, 0x106a0000)
  eden space 139776K,  54% used [0x05c00000, 0x0a6f1528, 0x0e480000)
  from space 17472K,   0% used [0x0f590000, 0x0f590000, 0x106a0000)
  to   space 17472K,   0% used [0x0e480000, 0x0e480000, 0x0f590000)
 tenured generation   total 349568K, used 302384K [0x106a0000, 0x25c00000, 0x25c00000)
   the space 349568K,  86% used [0x106a0000, 0x22dec1e8, 0x22dec200, 0x25c00000)
 Metaspace       used 22245K, capacity 22796K, committed 22912K, reserved 22912K
GC Heap History (10 events):
Event: 910.455 GC heap before
{Heap before GC invocations=86 (full 34):
 def new generation   total 157248K, used 157248K [0x05c00000, 0x106a0000, 0x106a0000)
  eden space 139776K, 100% used [0x05c00000, 0x0e480000, 0x0e480000)
  from space 17472K, 100% used [0x0f590000, 0x106a0000, 0x106a0000)
  to   space 17472K,   0% used [0x0e480000, 0x0e480000, 0x0f590000)
 tenured generation   total 349568K, used 318287K [0x106a0000, 0x25c00000, 0x25c00000)
   the space 349568K,  91% used [0x106a0000, 0x23d73e30, 0x23d74000, 0x25c00000)
 Metaspace       used 22245K, capacity 22796K, committed 22912K, reserved 22912K
Event: 911.058 GC heap after
Heap after GC invocations=87 (full 35):
 def new generation   total 157248K, used 0K [0x05c00000, 0x106a0000, 0x106a0000)
  eden space 139776K,   0% used [0x05c00000, 0x05c00000, 0x0e480000)
  from space 17472K,   0% used [0x0f590000, 0x0f590000, 0x106a0000)
  to   space 17472K,   0% used [0x0e480000, 0x0e480000, 0x0f590000)
 tenured generation   total 349568K, used 328769K [0x106a0000, 0x25c00000, 0x25c00000)
   the space 349568K,  94% used [0x106a0000, 0x247b05a0, 0x247b0600, 0x25c00000)
 Metaspace       used 22245K, capacity 22796K, committed 22912K, reserved 22912K
}
Event: 917.104 GC heap before
{Heap before GC invocations=87 (full 35):
 def new generation   total 157248K, used 139776K [0x05c00000, 0x106a0000, 0x106a0000)
  eden space 139776K, 100% used [0x05c00000, 0x0e480000, 0x0e480000)
  from space 17472K,   0% used [0x0f590000, 0x0f590000, 0x106a0000)
  to   space 17472K,   0% used [0x0e480000, 0x0e480000, 0x0f590000)
 tenured generation   total 349568K, used 328769K [0x106a0000, 0x25c00000, 0x25c00000)
   the space 349568K,  94% used [0x106a0000, 0x247b05a0, 0x247b0600, 0x25c00000)
 Metaspace       used 22245K, capacity 22796K, committed 22912K, reserved 22912K
Event: 917.519 GC heap after
Heap after GC invocations=88 (full 36):
 def new generation   total 157248K, used 0K [0x05c00000, 0x106a0000, 0x106a0000)
  eden space 139776K,   0% used [0x05c00000, 0x05c00000, 0x0e480000)
  from space 17472K,   0% used [0x0f590000, 0x0f590000, 0x106a0000)
  to   space 17472K,   0% used [0x0e480000, 0x0e480000, 0x0f590000)
 tenured generation   total 349568K, used 254338K [0x106a0000, 0x25c00000, 0x25c00000)
   the space 349568K,  72% used [0x106a0000, 0x1ff00a98, 0x1ff00c00, 0x25c00000)
 Metaspace       used 22245K, capacity 22796K, committed 22912K, reserved 22912K
}
Event: 923.809 GC heap before
{Heap before GC invocations=88 (full 36):
 def new generation   total 157248K, used 139776K [0x05c00000, 0x106a0000, 0x106a0000)
  eden space 139776K, 100% used [0x05c00000, 0x0e480000, 0x0e480000)
  from space 17472K,   0% used [0x0f590000, 0x0f590000, 0x106a0000)
  to   space 17472K,   0% used [0x0e480000, 0x0e480000, 0x0f590000)
 tenured generation   total 349568K, used 254338K [0x106a0000, 0x25c00000, 0x25c00000)
   the space 349568K,  72% used [0x106a0000, 0x1ff00a98, 0x1ff00c00, 0x25c00000)
 Metaspace       used 22245K, capacity 22796K, committed 22912K, reserved 22912K
Event: 923.883 GC heap after
Heap after GC invocations=89 (full 36):
 def new generation   total 157248K, used 17472K [0x05c00000, 0x106a0000, 0x106a0000)
  eden space 139776K,   0% used [0x05c00000, 0x05c00000, 0x0e480000)
  from space 17472K, 100% used [0x0e480000, 0x0f590000, 0x0f590000)
  to   space 17472K,   0% used [0x0f590000, 0x0f590000, 0x106a0000)
 tenured generation   total 349568K, used 270754K [0x106a0000, 0x25c00000, 0x25c00000)
   the space 349568K,  77% used [0x106a0000, 0x20f08980, 0x20f08a00, 0x25c00000)
 Metaspace       used 22245K, capacity 22796K, committed 22912K, reserved 22912K
}
Event: 932.231 GC heap before
{Heap before GC invocations=89 (full 36):
 def new generation   total 157248K, used 157248K [0x05c00000, 0x106a0000, 0x106a0000)
  eden space 139776K, 100% used [0x05c00000, 0x0e480000, 0x0e480000)
  from space 17472K, 100% used [0x0e480000, 0x0f590000, 0x0f590000)
  to   space 17472K,   0% used [0x0f590000, 0x0f590000, 0x106a0000)
 tenured generation   total 349568K, used 270754K [0x106a0000, 0x25c00000, 0x25c00000)
   the space 349568K,  77% used [0x106a0000, 0x20f08980, 0x20f08a00, 0x25c00000)
 Metaspace       used 22245K, capacity 22796K, committed 22912K, reserved 22912K
Event: 932.376 GC heap after
Heap after GC invocations=90 (full 36):
 def new generation   total 157248K, used 17472K [0x05c00000, 0x106a0000, 0x106a0000)
  eden space 139776K,   0% used [0x05c00000, 0x05c00000, 0x0e480000)
  from space 17472K, 100% used [0x0f590000, 0x106a0000, 0x106a0000)
  to   space 17472K,   0% used [0x0e480000, 0x0e480000, 0x0f590000)
 tenured generation   total 349568K, used 303909K [0x106a0000, 0x25c00000, 0x25c00000)
   the space 349568K,  86% used [0x106a0000, 0x22f69760, 0x22f69800, 0x25c00000)
 Metaspace       used 22245K, capacity 22796K, committed 22912K, reserved 22912K
}
Event: 941.141 GC heap before
{Heap before GC invocations=90 (full 36):
 def new generation   total 157248K, used 157076K [0x05c00000, 0x106a0000, 0x106a0000)
  eden space 139776K,  99% used [0x05c00000, 0x0e455178, 0x0e480000)
  from space 17472K, 100% used [0x0f590000, 0x106a0000, 0x106a0000)
  to   space 17472K,   0% used [0x0e480000, 0x0e480000, 0x0f590000)
 tenured generation   total 349568K, used 303909K [0x106a0000, 0x25c00000, 0x25c00000)
   the space 349568K,  86% used [0x106a0000, 0x22f69760, 0x22f69800, 0x25c00000)
 Metaspace       used 22245K, capacity 22796K, committed 22912K, reserved 22912K
Event: 942.107 GC heap after
Heap after GC invocations=91 (full 37):
 def new generation   total 157248K, used 0K [0x05c00000, 0x106a0000, 0x106a0000)
  eden space 139776K,   0% used [0x05c00000, 0x05c00000, 0x0e480000)
  from space 17472K,   0% used [0x0f590000, 0x0f590000, 0x106a0000)
  to   space 17472K,   0% used [0x0e480000, 0x0e480000, 0x0f590000)
 tenured generation   total 349568K, used 302384K [0x106a0000, 0x25c00000, 0x25c00000)
   the space 349568K,  86% used [0x106a0000, 0x22dec1e8, 0x22dec200, 0x25c00000)
 Metaspace       used 22245K, capacity 22796K, committed 22912K, reserved 22912K
}

